Traceback (most recent call last):
  File "C:\Users\yoswald\AppData\Local\Programs\Python\Python311\Lib\site-packages\jupyter_cache\executors\utils.py", line 58, in single_nb_execution
    executenb(
  File "C:\Users\yoswald\AppData\Local\Programs\Python\Python311\Lib\site-packages\nbclient\client.py", line 1319, in execute
    return NotebookClient(nb=nb, resources=resources, km=km, **kwargs).execute()
           ^^^^^^^^^^^^^^^^^^^^^^^^^^^^^^^^^^^^^^^^^^^^^^^^^^^^^^^^^^^^^^^^^^^^^
  File "C:\Users\yoswald\AppData\Roaming\Python\Python311\site-packages\jupyter_core\utils\__init__.py", line 165, in wrapped
    return loop.run_until_complete(inner)
           ^^^^^^^^^^^^^^^^^^^^^^^^^^^^^^
  File "C:\Users\yoswald\AppData\Local\Programs\Python\Python311\Lib\asyncio\base_events.py", line 653, in run_until_complete
    return future.result()
           ^^^^^^^^^^^^^^^
  File "C:\Users\yoswald\AppData\Local\Programs\Python\Python311\Lib\site-packages\nbclient\client.py", line 709, in async_execute
    await self.async_execute_cell(
  File "C:\Users\yoswald\AppData\Local\Programs\Python\Python311\Lib\site-packages\nbclient\client.py", line 1062, in async_execute_cell
    await self._check_raise_for_error(cell, cell_index, exec_reply)
  File "C:\Users\yoswald\AppData\Local\Programs\Python\Python311\Lib\site-packages\nbclient\client.py", line 918, in _check_raise_for_error
    raise CellExecutionError.from_cell_and_msg(cell, exec_reply_content)
nbclient.exceptions.CellExecutionError: An error occurred while executing the following cell:
------------------
import numpy as np

def orders_apart(x, y):
    x, y = float(x), float(y)
    if x <= 0 or y <= 0:
        raise ValueError("Use positive numbers.")
    return math.log10(x/y)

for x,y in [(2,20),(2,200),(5,50),(1,0.2)]:
    print(f"x={x:>5g}, y={y:>5g} -> log10(x/y) = {orders_apart(x,y): .3f}")

------------------


[1;31m------------------------------------------------------------------[0m
[1;31mNameError[0m                        Traceback (most recent call last)
Cell [1;32mIn[1], line 10[0m
[0;32m      7[0m     [38;5;28;01mreturn[39;00m math[38;5;241m.[39mlog10(x[38;5;241m/[39my)
[0;32m      9[0m [38;5;28;01mfor[39;00m x,y [38;5;129;01min[39;00m [([38;5;241m2[39m,[38;5;241m20[39m),([38;5;241m2[39m,[38;5;241m200[39m),([38;5;241m5[39m,[38;5;241m50[39m),([38;5;241m1[39m,[38;5;241m0.2[39m)]:
[1;32m---> 10[0m     [38;5;28mprint[39m([38;5;124mf[39m[38;5;124m"[39m[38;5;124mx=[39m[38;5;132;01m{[39;00mx[38;5;132;01m:[39;00m[38;5;124m>5g[39m[38;5;132;01m}[39;00m[38;5;124m, y=[39m[38;5;132;01m{[39;00my[38;5;132;01m:[39;00m[38;5;124m>5g[39m[38;5;132;01m}[39;00m[38;5;124m -> log10(x/y) = [39m[38;5;132;01m{[39;00m[43morders_apart[49m[43m([49m[43mx[49m[43m,[49m[43my[49m[43m)[49m[38;5;132;01m:[39;00m[38;5;124m .3f[39m[38;5;132;01m}[39;00m[38;5;124m"[39m)

Cell [1;32mIn[1], line 7[0m, in [0;36morders_apart[1;34m(x, y)[0m
[0;32m      5[0m [38;5;28;01mif[39;00m x [38;5;241m<[39m[38;5;241m=[39m [38;5;241m0[39m [38;5;129;01mor[39;00m y [38;5;241m<[39m[38;5;241m=[39m [38;5;241m0[39m:
[0;32m      6[0m     [38;5;28;01mraise[39;00m [38;5;167;01mValueError[39;00m([38;5;124m"[39m[38;5;124mUse positive numbers.[39m[38;5;124m"[39m)
[1;32m----> 7[0m [38;5;28;01mreturn[39;00m [43mmath[49m[38;5;241m.[39mlog10(x[38;5;241m/[39my)

[1;31mNameError[0m: name 'math' is not defined

